2025-08-04 11:09:41,071 — zamanlanmis_gorev — INFO — --- Günlük Standart Sevkiyat Görevi Başladı ---
2025-08-04 11:09:41,282 — zamanlanmis_gorev — INFO — 3 süpermarket ve 2 çeşit ürün için sevkiyat planlanıyor.
2025-08-04 11:09:41,282 — zamanlanmis_gorev — INFO — 'Ataşehir Süpermarket' için sevkiyat hazırlanıyor...
2025-08-04 11:09:41,282 — zamanlanmis_gorev — ERROR — 'SIVI-SABUN-500ML' SKU'lu ürün veritabanında bulunamadı! Bu ürün sevkiyattan atlanacak.
2025-08-04 11:09:41,333 — zamanlanmis_gorev — INFO — 'Ataşehir Süpermarket' için sevkiyat başarıyla oluşturuldu.
2025-08-04 11:09:41,333 — zamanlanmis_gorev — INFO — 'Beylikdüzü Süpermarket' için sevkiyat hazırlanıyor...
2025-08-04 11:09:41,341 — zamanlanmis_gorev — ERROR — 'SIVI-SABUN-500ML' SKU'lu ürün veritabanında bulunamadı! Bu ürün sevkiyattan atlanacak.
2025-08-04 11:09:41,350 — zamanlanmis_gorev — INFO — 'Beylikdüzü Süpermarket' için sevkiyat başarıyla oluşturuldu.
2025-08-04 11:09:41,351 — zamanlanmis_gorev — INFO — 'Kadıköy Süpermarket' için sevkiyat hazırlanıyor...
2025-08-04 11:09:41,352 — zamanlanmis_gorev — ERROR — 'SIVI-SABUN-500ML' SKU'lu ürün veritabanında bulunamadı! Bu ürün sevkiyattan atlanacak.
2025-08-04 11:09:41,363 — zamanlanmis_gorev — INFO — 'Kadıköy Süpermarket' için sevkiyat başarıyla oluşturuldu.
2025-08-04 11:09:41,363 — zamanlanmis_gorev — INFO — --- Günlük Standart Sevkiyat Görevi Bitti ---
2025-08-04 11:11:03,530 — zamanlanmis_gorev — INFO — --- Günlük Standart Sevkiyat Görevi Başladı ---
2025-08-04 11:11:04,250 — zamanlanmis_gorev — INFO — 3 süpermarket ve 3 çeşit ürün için sevkiyat planlanıyor.
2025-08-04 11:11:04,250 — zamanlanmis_gorev — INFO — 'Ataşehir Süpermarket' için sevkiyat hazırlanıyor...
2025-08-04 11:11:04,288 — zamanlanmis_gorev — INFO — 'Ataşehir Süpermarket' için sevkiyat başarıyla oluşturuldu.
2025-08-04 11:11:04,289 — zamanlanmis_gorev — INFO — 'Beylikdüzü Süpermarket' için sevkiyat hazırlanıyor...
2025-08-04 11:11:04,303 — zamanlanmis_gorev — INFO — 'Beylikdüzü Süpermarket' için sevkiyat başarıyla oluşturuldu.
2025-08-04 11:11:04,303 — zamanlanmis_gorev — INFO — 'Kadıköy Süpermarket' için sevkiyat hazırlanıyor...
2025-08-04 11:11:04,325 — zamanlanmis_gorev — INFO — 'Kadıköy Süpermarket' için sevkiyat başarıyla oluşturuldu.
2025-08-04 11:11:04,325 — zamanlanmis_gorev — INFO — --- Günlük Standart Sevkiyat Görevi Bitti ---
2025-08-04 11:54:36,591 — zamanlanmis_gorev — INFO — --- Günlük Standart Sevkiyat Görevi Başladı ---
2025-08-04 11:54:36,799 — zamanlanmis_gorev — INFO — 3 süpermarket ve 3 çeşit ürün için sevkiyat planlanıyor.
2025-08-04 11:54:36,799 — zamanlanmis_gorev — INFO — 'Ataşehir Süpermarket' için sevkiyat hazırlanıyor...
2025-08-04 11:54:36,837 — zamanlanmis_gorev — INFO — 'Ataşehir Süpermarket' için sevkiyat başarıyla oluşturuldu.
2025-08-04 11:54:36,837 — zamanlanmis_gorev — INFO — 'Beylikdüzü Süpermarket' için sevkiyat hazırlanıyor...
2025-08-04 11:54:36,854 — zamanlanmis_gorev — INFO — 'Beylikdüzü Süpermarket' için sevkiyat başarıyla oluşturuldu.
2025-08-04 11:54:36,855 — zamanlanmis_gorev — INFO — 'Kadıköy Süpermarket' için sevkiyat hazırlanıyor...
2025-08-04 11:54:36,868 — zamanlanmis_gorev — INFO — 'Kadıköy Süpermarket' için sevkiyat başarıyla oluşturuldu.
2025-08-04 11:54:36,868 — zamanlanmis_gorev — INFO — --- Günlük Standart Sevkiyat Görevi Bitti ---
2025-08-04 14:53:38,462 — zamanlanmis_gorev — INFO — --- Günlük Standart Sevkiyat Görevi Başladı ---
2025-08-04 14:53:38,632 — zamanlanmis_gorev — INFO — 3 süpermarket ve 3 çeşit ürün için sevkiyat planlanıyor.
2025-08-04 14:53:38,632 — zamanlanmis_gorev — INFO — 'Ataşehir Süpermarket' için sevkiyat hazırlanıyor...
2025-08-04 14:53:38,648 — zamanlanmis_gorev — INFO — 'Ataşehir Süpermarket' için sevkiyat başarıyla oluşturuldu.
2025-08-04 14:53:38,648 — zamanlanmis_gorev — INFO — 'Beylikdüzü Süpermarket' için sevkiyat hazırlanıyor...
2025-08-04 14:53:38,679 — zamanlanmis_gorev — INFO — 'Beylikdüzü Süpermarket' için sevkiyat başarıyla oluşturuldu.
2025-08-04 14:53:38,680 — zamanlanmis_gorev — INFO — 'Kadıköy Süpermarket' için sevkiyat hazırlanıyor...
2025-08-04 14:53:38,692 — zamanlanmis_gorev — INFO — 'Kadıköy Süpermarket' için sevkiyat başarıyla oluşturuldu.
2025-08-04 14:53:38,692 — zamanlanmis_gorev — INFO — --- Günlük Standart Sevkiyat Görevi Bitti ---
2025-08-04 14:54:16,376 — zamanlanmis_gorev — INFO — --- Günlük Standart Sevkiyat Görevi Başladı ---
2025-08-04 14:54:16,586 — zamanlanmis_gorev — INFO — 3 süpermarket ve 3 çeşit ürün için sevkiyat planlanıyor.
2025-08-04 14:54:16,586 — zamanlanmis_gorev — INFO — 'Ataşehir Süpermarket' için sevkiyat hazırlanıyor...
2025-08-04 14:54:16,607 — zamanlanmis_gorev — INFO — 'Ataşehir Süpermarket' için sevkiyat başarıyla oluşturuldu.
2025-08-04 14:54:16,607 — zamanlanmis_gorev — INFO — 'Beylikdüzü Süpermarket' için sevkiyat hazırlanıyor...
2025-08-04 14:54:16,625 — zamanlanmis_gorev — INFO — 'Beylikdüzü Süpermarket' için sevkiyat başarıyla oluşturuldu.
2025-08-04 14:54:16,626 — zamanlanmis_gorev — INFO — 'Kadıköy Süpermarket' için sevkiyat hazırlanıyor...
2025-08-04 14:54:16,626 — zamanlanmis_gorev — INFO — 'Kadıköy Süpermarket' için sevkiyat başarıyla oluşturuldu.
2025-08-04 14:54:16,626 — zamanlanmis_gorev — INFO — --- Günlük Standart Sevkiyat Görevi Bitti ---
